Feb 05, 2023 5:49:21 PM LoggingOutput update
INFO: 
Student Registration System

Feb 05, 2023 5:49:21 PM LoggingOutput update
INFO: 1) List all students
Feb 05, 2023 5:49:21 PM LoggingOutput update
INFO: 2) List all courses
Feb 05, 2023 5:49:21 PM LoggingOutput update
INFO: 3) List students who registered for a course
Feb 05, 2023 5:49:21 PM LoggingOutput update
INFO: 4) List courses a student has registered for
Feb 05, 2023 5:49:21 PM LoggingOutput update
INFO: 5) List courses a student has completed
Feb 05, 2023 5:49:21 PM LoggingOutput update
INFO: 6) Register a student for a course
Feb 05, 2023 5:49:21 PM LoggingOutput update
INFO: x) Exit
Feb 05, 2023 5:49:21 PM LoggingOutput update
INFO: 
Enter your choice and press return >> 
Feb 05, 2023 5:49:23 PM LoggingOutput update
INFO: 

Feb 05, 2023 5:49:23 PM LoggingOutput update
INFO: G00123456 Carson Kit CS 1 CS112 CS211 CS332 CS421
G00123432 Smith John ECE 0 EE112 EE211 CS421 EE432
G45643133 Kenton Sam IT 3 IT112 IT211
G01234567 Boone Dan MBA 2 BB114 CS211 IT492 CS412
G90123456 Crockett Jack CS 2 CS112 CS211 CS332 CS42
G12998191 Wetzle Tom CS 3 CS112 CS211 CS332
G21231422 Lewis Meriweather SE 1 EN121 EE211 BB222 CS421 IT492
G89012345 Glass Hugh MBA 2 EN121 IT211
Feb 05, 2023 5:49:23 PM LoggingOutput update
INFO: 
Student Registration System

Feb 05, 2023 5:49:23 PM LoggingOutput update
INFO: 1) List all students
Feb 05, 2023 5:49:23 PM LoggingOutput update
INFO: 2) List all courses
Feb 05, 2023 5:49:23 PM LoggingOutput update
INFO: 3) List students who registered for a course
Feb 05, 2023 5:49:23 PM LoggingOutput update
INFO: 4) List courses a student has registered for
Feb 05, 2023 5:49:23 PM LoggingOutput update
INFO: 5) List courses a student has completed
Feb 05, 2023 5:49:23 PM LoggingOutput update
INFO: 6) Register a student for a course
Feb 05, 2023 5:49:23 PM LoggingOutput update
INFO: x) Exit
Feb 05, 2023 5:49:23 PM LoggingOutput update
INFO: 
Enter your choice and press return >> 
Feb 05, 2023 5:49:24 PM LoggingOutput update
INFO: 

Feb 05, 2023 5:49:24 PM LoggingOutput update
INFO: G00123456 Carson Kit CS 1 CS112 CS211 CS332 CS421
G00123432 Smith John ECE 0 EE112 EE211 CS421 EE432
G45643133 Kenton Sam IT 3 IT112 IT211
G01234567 Boone Dan MBA 2 BB114 CS211 IT492 CS412
G90123456 Crockett Jack CS 2 CS112 CS211 CS332 CS42
G12998191 Wetzle Tom CS 3 CS112 CS211 CS332
G21231422 Lewis Meriweather SE 1 EN121 EE211 BB222 CS421 IT492
G89012345 Glass Hugh MBA 2 EN121 IT211
Feb 05, 2023 5:49:24 PM LoggingOutput update
INFO: 
Student Registration System

Feb 05, 2023 5:49:24 PM LoggingOutput update
INFO: 1) List all students
Feb 05, 2023 5:49:24 PM LoggingOutput update
INFO: 2) List all courses
Feb 05, 2023 5:49:24 PM LoggingOutput update
INFO: 3) List students who registered for a course
Feb 05, 2023 5:49:24 PM LoggingOutput update
INFO: 4) List courses a student has registered for
Feb 05, 2023 5:49:24 PM LoggingOutput update
INFO: 5) List courses a student has completed
Feb 05, 2023 5:49:24 PM LoggingOutput update
INFO: 6) Register a student for a course
Feb 05, 2023 5:49:24 PM LoggingOutput update
INFO: x) Exit
Feb 05, 2023 5:49:24 PM LoggingOutput update
INFO: 
Enter your choice and press return >> 
